app/build/outputs/mapping/release/seeds.txt
nsl.orion.crankshaftdeflectiongauge.CrankShaftDeflection
nsl.orion.crankshaftdeflectiongauge.CrankShaftDeflection: CrankShaftDeflection()
nsl.orion.crankshaftdeflectiongauge.R$color: int black
nsl.orion.crankshaftdeflectiongauge.R$color: int blue
nsl.orion.crankshaftdeflectiongauge.R$color: int blue1
nsl.orion.crankshaftdeflectiongauge.R$color: int cyan
nsl.orion.crankshaftdeflectiongauge.R$color: int cyan2
nsl.orion.crankshaftdeflectiongauge.R$color: int cyan3
nsl.orion.crankshaftdeflectiongauge.R$color: int cyan4
nsl.orion.crankshaftdeflectiongauge.R$color: int cyan5
nsl.orion.crankshaftdeflectiongauge.R$color: int darkblue
nsl.orion.crankshaftdeflectiongauge.R$color: int darkpink
nsl.orion.crankshaftdeflectiongauge.R$color: int green
nsl.orion.crankshaftdeflectiongauge.R$color: int grey
nsl.orion.crankshaftdeflectiongauge.R$color: int highlightgrey
nsl.orion.crankshaftdeflectiongauge.R$color: int red
nsl.orion.crankshaftdeflectiongauge.R$color: int transparent
nsl.orion.crankshaftdeflectiongauge.R$color: int white
nsl.orion.crankshaftdeflectiongauge.R$dimen: int activity_horizontal_margin
nsl.orion.crankshaftdeflectiongauge.R$dimen: int activity_horizontal_padding
nsl.orion.crankshaftdeflectiongauge.R$dimen: int activity_vertical_margin
nsl.orion.crankshaftdeflectiongauge.R$dimen: int activity_vertical_padding
nsl.orion.crankshaftdeflectiongauge.R$dimen: int logo_horizontal_margin
nsl.orion.crankshaftdeflectiongauge.R$dimen: int logo_vertical_margin
nsl.orion.crankshaftdeflectiongauge.R$drawable: int bluetooth_turn_on
nsl.orion.crankshaftdeflectiongauge.R$drawable: int circle_btn
nsl.orion.crankshaftdeflectiongauge.R$drawable: int gauge
nsl.orion.crankshaftdeflectiongauge.R$drawable: int layerlist
nsl.orion.crankshaftdeflectiongauge.R$drawable: int shapes
nsl.orion.crankshaftdeflectiongauge.R$drawable: int test_be_btn
nsl.orion.crankshaftdeflectiongauge.R$drawable: int test_bp_btn
nsl.orion.crankshaftdeflectiongauge.R$drawable: int test_e_btn
nsl.orion.crankshaftdeflectiongauge.R$drawable: int test_p_btn
nsl.orion.crankshaftdeflectiongauge.R$drawable: int test_t_btn
nsl.orion.crankshaftdeflectiongauge.R$id: int abcd
nsl.orion.crankshaftdeflectiongauge.R$id: int about
nsl.orion.crankshaftdeflectiongauge.R$id: int add_btn
nsl.orion.crankshaftdeflectiongauge.R$id: int app_logo
nsl.orion.crankshaftdeflectiongauge.R$id: int arrow_left_btn
nsl.orion.crankshaftdeflectiongauge.R$id: int arrow_right_btn
nsl.orion.crankshaftdeflectiongauge.R$id: int buttonBluetooth
nsl.orion.crankshaftdeflectiongauge.R$id: int chart_container
nsl.orion.crankshaftdeflectiongauge.R$id: int connected_circle
nsl.orion.crankshaftdeflectiongauge.R$id: int crankBE
nsl.orion.crankshaftdeflectiongauge.R$id: int crankBP
nsl.orion.crankshaftdeflectiongauge.R$id: int crankE
nsl.orion.crankshaftdeflectiongauge.R$id: int crankH
nsl.orion.crankshaftdeflectiongauge.R$id: int crankP
nsl.orion.crankshaftdeflectiongauge.R$id: int crankT
nsl.orion.crankshaftdeflectiongauge.R$id: int crankV
nsl.orion.crankshaftdeflectiongauge.R$id: int cylinderTableListView
nsl.orion.crankshaftdeflectiongauge.R$id: int cylinderorder
nsl.orion.crankshaftdeflectiongauge.R$id: int cyltest
nsl.orion.crankshaftdeflectiongauge.R$id: int deleteEngine
nsl.orion.crankshaftdeflectiongauge.R$id: int device_icon
nsl.orion.crankshaftdeflectiongauge.R$id: int device_name_text_view
nsl.orion.crankshaftdeflectiongauge.R$id: int engineDetail
nsl.orion.crankshaftdeflectiongauge.R$id: int engineDetailTextView
nsl.orion.crankshaftdeflectiongauge.R$id: int engineListView
...
org.achartengine.GraphicalView: org.achartengine.model.SeriesSelection getCurrentSeriesAndPoint()
org.achartengine.GraphicalView: void setZoomRate(float)
org.achartengine.GraphicalView: android.graphics.RectF getZoomRectangle()
org.achartengine.chart.BarChart$Type: org.achartengine.chart.BarChart$Type[] values()
org.achartengine.chart.BarChart$Type: org.achartengine.chart.BarChart$Type valueOf(java.lang.String)
org.achartengine.chart.PointStyle: org.achartengine.chart.PointStyle[] values()
org.achartengine.chart.PointStyle: org.achartengine.chart.PointStyle valueOf(java.lang.String)
org.achartengine.renderer.DialRenderer$Type: org.achartengine.renderer.DialRenderer$Type[] values()
org.achartengine.renderer.DialRenderer$Type: org.achartengine.renderer.DialRenderer$Type valueOf(java.lang.String)
org.achartengine.renderer.XYMultipleSeriesRenderer$Orientation: org.achartengine.renderer.XYMultipleSeriesRenderer$Orientation[] values()
org.achartengine.renderer.XYMultipleSeriesRenderer$Orientation: org.achartengine.renderer.XYMultipleSeriesRenderer$Orientation valueOf(java.lang.String)
org.achartengine.renderer.XYSeriesRenderer$FillOutsideLine$Type: org.achartengine.renderer.XYSeriesRenderer$FillOutsideLine$Type[] values()
org.achartengine.renderer.XYSeriesRenderer$FillOutsideLine$Type: org.achartengine.renderer.XYSeriesRenderer$FillOutsideLine$Type valueOf(java.lang.String)