app/build/outputs/mapping/release/mapping.txt
nsl.orion.crankshaftdeflectiongauge.CrankShaftDeflection -> nsl.orion.crankshaftdeflectiongauge.CrankShaftDeflection:
    nsl.orion.crankshaftdeflectiongauge.bluetooth.BluetoothConnector bluetoothConnector -> a
    nsl.orion.crankshaftdeflectiongauge.sqlite.SQLiteConnector sqliteConnector -> b
    java.util.Map engineMap -> c
    nsl.orion.crankshaftdeflectiongauge.sqlite.SQLiteConnector getSqliteConnector() -> a
    java.util.Map getEngineMap() -> b
    nsl.orion.crankshaftdeflectiongauge.bluetooth.BluetoothConnector getBluetoothConnector() -> c
    void onCreate() -> onCreate
nsl.orion.crankshaftdeflectiongauge.activity.About -> nsl.orion.crankshaftdeflectiongauge.activity.About:
    void onCreate(android.os.Bundle) -> onCreate
nsl.orion.crankshaftdeflectiongauge.activity.CylinderTest -> nsl.orion.crankshaftdeflectiongauge.activity.CylinderTest:
    double cos_54degree -> a
    double cos_126degree -> b
    double cos_198degree -> c
    double cos_270degree -> d
    double cos_342degree -> e
    nsl.orion.crankshaftdeflectiongauge.activity.CylinderTest$BluetoothDataHandler bluetoothDataHandler -> f
    float currentValue -> g
    nsl.orion.crankshaftdeflectiongauge.common.Engine currentEngine -> h
    nsl.orion.crankshaftdeflectiongauge.common.Cylinder currentCylinder -> i
    java.util.concurrent.locks.ReentrantLock lock -> j
    android.widget.TextView measuredText -> k
    android.widget.TextView engineNameTextView -> l
    android.widget.TextView cylinderOrderTextView -> m
    android.widget.TextView displayTTextView -> n
    android.widget.TextView displayPTextView -> o
    android.widget.TextView displayBPTextView -> p
    android.widget.TextView displayBETextView -> q
    android.widget.TextView displayETextView -> r
    android.widget.TextView connectedDeviceName -> s
    android.widget.TextView batteryPercent -> t
    android.widget.ImageButton nextCylinderImageButton -> u
    android.widget.ImageButton prevCylinderImageButton -> v
    android.widget.ProgressBar batteryProgressBar -> w
    java.lang.Integer receivedValue -> x
    int currentOrder -> y
    void setCurrentValue(java.lang.Float) -> a
    void onCreate(android.os.Bundle) -> onCreate
    void onResume() -> onResume
nsl.orion.crankshaftdeflectiongauge.activity.CylinderTest$1 -> nsl.orion.crankshaftdeflectiongauge.activity.a:
    android.view.GestureDetector gestureDetector -> a
    android.widget.ImageView val$gaugeImageView -> b
    nsl.orion.crankshaftdeflectiongauge.activity.CylinderTest this$0 -> c
    boolean onTouch(android.view.View,android.view.MotionEvent) -> onTouch
nsl.orion.crankshaftdeflectiongauge.activity.CylinderTest$1$1 -> nsl.orion.crankshaftdeflectiongauge.activity.b:
    nsl.orion.crankshaftdeflectiongauge.activity.CylinderTest$1 this$1 -> a
    boolean onDoubleTap(android.view.MotionEvent) -> onDoubleTap
nsl.orion.crankshaftdeflectiongauge.activity.CylinderTest$BluetoothDataHandler -> nsl.orion.crankshaftdeflectiongauge.activity.c:
    nsl.orion.crankshaftdeflectiongauge.activity.CylinderTest this$0 -> a
    void handleMessage(android.os.Message) -> handleMessage
...
org.achartengine.model.XYSeries -> a.a.b.d:
    java.lang.String mTitle -> a
    org.achartengine.util.IndexXYMap mXY -> b
    double mMinX -> c
    double mMaxX -> d
    double mMinY -> e
    double mMaxY -> f
    int mScaleNumber -> g
    java.util.List mAnnotations -> h
    org.achartengine.util.IndexXYMap mStringXY -> i
    int getScaleNumber() -> a
    void initRange() -> k
    void updateRange(double,double) -> b
    java.lang.String getTitle() -> b
    void add(double,double) -> a
    double getPadding() -> c
    void clear() -> d
    double getX(int) -> a
    double getY(int) -> b
    double getAnnotationX(int) -> c
    double getAnnotationY(int) -> d
    int getAnnotationCount() -> e
    java.lang.String getAnnotationAt(int) -> e
    java.util.SortedMap getRange(double,double,boolean) -> a
    int getIndexForKey(double) -> a
    int getItemCount() -> f
    double getMinX() -> g
    double getMinY() -> h
    double getMaxX() -> i
    double getMaxY() -> j
org.achartengine.renderer.BasicStroke -> a.a.c.a:
    org.achartengine.renderer.BasicStroke SOLID -> a
    org.achartengine.renderer.BasicStroke DASHED -> b
    org.achartengine.renderer.BasicStroke DOTTED -> c
    android.graphics.Paint$Cap mCap -> d
    android.graphics.Paint$Join mJoin -> e
    float mMiter -> f
    float[] mIntervals -> g
    float mPhase -> h
    android.graphics.Paint$Cap getCap() -> a
    android.graphics.Paint$Join getJoin() -> b
    float getMiter() -> c
    float[] getIntervals() -> d
    float getPhase() -> e
org.achartengine.renderer.DefaultRenderer -> a.a.c.b:
    java.lang.String mChartTitle -> a
    float mChartTitleTextSize -> b
    android.graphics.Typeface REGULAR_TEXT_FONT -> c
    java.lang.String mTextTypefaceName -> d
    int mTextTypefaceStyle -> e
    android.graphics.Typeface mTextTypeface -> f
    int mBackgroundColor -> g
    boolean mApplyBackgroundColor -> h
    boolean mShowAxes -> i
    int mAxesColor -> j
    boolean mShowLabels -> k
    int mLabelsColor -> l
    float mLabelsTextSize -> m
    boolean mShowLegend -> n
    float mLegendTextSize -> o
    boolean mFitLegend -> p
    boolean mShowGridX -> q
    boolean mShowGridY -> r
    boolean mShowCustomTextGrid -> s
    java.util.List mRenderers -> t
    boolean mAntialiasing -> u
    int mLegendHeight -> v
    int[] mMargins -> w
    float mScale -> x
    boolean mPanEnabled -> y
    boolean mZoomEnabled -> z
    boolean mZoomButtonsVisible -> A
    float mZoomRate -> B
    boolean mExternalZoomEnabled -> C
    float mOriginalScale -> D
    boolean mClickEnabled -> E
    int selectableBuffer -> F
    boolean mInScroll -> G
    float mStartAngle -> H
    java.lang.String getChartTitle() -> a
    float getChartTitleTextSize() -> b
    void setChartTitleTextSize(float) -> a
    void addSeriesRenderer(org.achartengine.renderer.SimpleSeriesRenderer) -> a
    org.achartengine.renderer.SimpleSeriesRenderer getSeriesRendererAt(int) -> a
    int getSeriesRendererCount() -> c
    int getBackgroundColor() -> d