app/build/outputs/mapping/release/usage.txt
nsl.orion.crankshaftdeflectiongauge.BuildConfig
nsl.orion.crankshaftdeflectiongauge.R
nsl.orion.crankshaftdeflectiongauge.R$attr
nsl.orion.crankshaftdeflectiongauge.R$color
nsl.orion.crankshaftdeflectiongauge.R$dimen
nsl.orion.crankshaftdeflectiongauge.R$drawable
nsl.orion.crankshaftdeflectiongauge.R$id
nsl.orion.crankshaftdeflectiongauge.R$layout
nsl.orion.crankshaftdeflectiongauge.R$menu
nsl.orion.crankshaftdeflectiongauge.R$mipmap
nsl.orion.crankshaftdeflectiongauge.R$string
nsl.orion.crankshaftdeflectiongauge.R$style
nsl.orion.crankshaftdeflectiongauge.activity.CylinderTest:
    private static boolean btConnected
nsl.orion.crankshaftdeflectiongauge.bluetooth.BluetoothConnector:
    public static final int CONNECTION_STATE_NONE
    public static final int CONNECTION_STATE_CONNECTING
    public static final int CONNECTION_STATE_CONNECTED
    public static final int DATA_MESSAGE
    public static final int CONNECTION_STATE_CHANGE
    public static final int BT_STATE_CHANGE
    public static final int BATTERY_INFO
    private static final java.lang.String TAG
    private static final boolean D
nsl.orion.crankshaftdeflectiongauge.bluetooth.BluetoothConnector$ConnectThread:
    private static final java.lang.String TAG
    private static final boolean D
nsl.orion.crankshaftdeflectiongauge.bluetooth.BluetoothConnector$ConnectedThread:
    private static final java.lang.String TAG
    private static final boolean D
nsl.orion.crankshaftdeflectiongauge.bluetooth.BluetoothUtils:
    private static final java.lang.String TAG
    private static final boolean D
    17:17:public BluetoothUtils()
    22:44:public static java.util.ArrayList getDeviceUuids(android.bluetooth.BluetoothDevice)
nsl.orion.crankshaftdeflectiongauge.common.Const
nsl.orion.crankshaftdeflectiongauge.common.Cylinder:
    public static final int POSITION_T
    public static final int POSITION_P
    public static final int POSITION_BP
    public static final int POSITION_BE
    public static final int POSITION_E
    public static final int POSITION_IS_FINISHED
    public static final int FINISHED
    public static final int NOT_FINISHED
nsl.orion.crankshaftdeflectiongauge.common.Engine:
    public static final int FINISHED
    public static final int NOT_FINISHED
nsl.orion.crankshaftdeflectiongauge.common.Utils
nsl.orion.crankshaftdeflectiongauge.sqlite.CylinderTable
nsl.orion.crankshaftdeflectiongauge.sqlite.EngineTable
nsl.orion.crankshaftdeflectiongauge.sqlite.SQLiteConnector:
    public static final java.lang.String TAG
    public static final long SUCCESS
    public static final long FAIL
    private static final java.lang.String DB_NAME
    private static final int DB_VERSION
...
org.achartengine.chart.PieSegment
org.achartengine.chart.PointStyle:
    62:70:public static org.achartengine.chart.PointStyle getPointStyleForName(java.lang.String)
    79:87:public static int getIndexForName(java.lang.String)
org.achartengine.chart.RangeBarChart
org.achartengine.chart.RangeStackedBarChart
org.achartengine.chart.RoundChart:
    protected static final int SHAPE_WIDTH
    protected org.achartengine.model.CategorySeries mDataset
    protected static final int NO_VALUE
    39:52:public RoundChart(org.achartengine.model.CategorySeries,org.achartengine.renderer.DefaultRenderer)
    64:71:public void drawTitle(android.graphics.Canvas,int,int,int,android.graphics.Paint)
org.achartengine.chart.ScatterChart:
    public static final java.lang.String TYPE
    private static final float SIZE
    private static final int SHAPE_WIDTH
    60:62:protected void setDatasetRenderer(org.achartengine.model.XYMultipleSeriesDataset,org.achartengine.renderer.XYMultipleSeriesRenderer)
    272:272:public java.lang.String getChartType()
org.achartengine.chart.TimeChart
org.achartengine.chart.XYChart:
    92:94:protected void setDatasetRenderer(org.achartengine.model.XYMultipleSeriesDataset,org.achartengine.renderer.XYMultipleSeriesRenderer)
    470:470:protected android.graphics.Rect getScreenR()
    474:475:protected void setScreenR(android.graphics.Rect)
    805:806:public void setCalcRange(double[],int)
    809:809:public double[] toRealPoint(float,float)
    813:813:public double[] toScreenPoint(double[])
    847:864:public double[] toScreenPoint(double[],int)
    943:943:public double getDefaultMinimum()
    public abstract java.lang.String getChartType()
org.achartengine.model.CategorySeries
org.achartengine.model.MultipleCategorySeries
org.achartengine.model.Point:
    46:47:public void setX(float)
    50:51:public void setY(float)
org.achartengine.model.RangeCategorySeries
org.achartengine.model.SeriesSelection:
    35:35:public int getSeriesIndex()
    39:39:public int getPointIndex()
    43:43:public double getXValue()
    47:47:public double getValue()
org.achartengine.model.TimeSeries
org.achartengine.model.XYMultipleSeriesDataset:
    45:46:public synchronized void addSeries(int,org.achartengine.model.XYSeries)
    54:55:public synchronized void addAllSeries(java.util.List)
    63:64:public synchronized void removeSeries(int)
    72:73:public synchronized void removeSeries(org.achartengine.model.XYSeries)
org.achartengine.model.XYSeries:
    private static final double PADDING
    123:124:public void setTitle(java.lang.String)
    150:157:public synchronized void add(int,double,double)
    169:175:public synchronized void remove(int)
    214:216:public void addAnnotation(java.lang.String,double,double)
    224:226:public void removeAnnotation(int)
org.achartengine.model.XYValueSeries